Unity Editor version:    2023.2.4f1 (3a7eb0602d92)
Branch:                  2023.2/release
Build type:              Release
Batch mode:              YES
macOS version:           Version 14.1.1 (Build 23B81)
Darwin version:          23.1.0
Architecture:            arm64
Running under Rosetta:   NO
Available memory:        32768 MB
Using pre-set license
Pro License: YES
2024-01-10 15:38:30.545 Unity[2117:23949] WARNING: Secure coding is not enabled for restorable state! Enable secure coding by implementing NSApplicationDelegate.applicationSupportsSecureRestorableState: and returning YES.

COMMAND LINE ARGUMENTS:
/Applications/Unity/Hub/Editor/2023.2.4f1-arm64/Unity.app/Contents/MacOS/Unity
-adb2
-batchMode
-noUpm
-name
AssetImportWorker1
-projectPath
/Users/emeltopaloglu/Downloads/codester-28568-coloring-book-portrait-unity-paint-kids-game/ColoringBook-Portrait-UnityProject
-logFile
Logs/AssetImportWorker1.log
-srvPort
49682
-job-worker-count
4
-background-job-worker-count
8
-asset-garbage-collectors
1
Successfully changed project path to: /Users/emeltopaloglu/Downloads/codester-28568-coloring-book-portrait-unity-paint-kids-game/ColoringBook-Portrait-UnityProject
/Users/emeltopaloglu/Downloads/codester-28568-coloring-book-portrait-unity-paint-kids-game/ColoringBook-Portrait-UnityProject
[UnityMemory] Configuration Parameters - Can be set up in boot.config
    "memorysetup-bucket-allocator-granularity=16"
    "memorysetup-bucket-allocator-bucket-count=8"
    "memorysetup-bucket-allocator-block-size=33554432"
    "memorysetup-bucket-allocator-block-count=8"
    "memorysetup-main-allocator-block-size=16777216"
    "memorysetup-thread-allocator-block-size=16777216"
    "memorysetup-gfx-main-allocator-block-size=16777216"
    "memorysetup-gfx-thread-allocator-block-size=16777216"
    "memorysetup-cache-allocator-block-size=4194304"
    "memorysetup-typetree-allocator-block-size=2097152"
    "memorysetup-profiler-bucket-allocator-granularity=16"
    "memorysetup-profiler-bucket-allocator-bucket-count=8"
    "memorysetup-profiler-bucket-allocator-block-size=33554432"
    "memorysetup-profiler-bucket-allocator-block-count=8"
    "memorysetup-profiler-allocator-block-size=16777216"
    "memorysetup-profiler-editor-allocator-block-size=1048576"
    "memorysetup-temp-allocator-size-main=16777216"
    "memorysetup-job-temp-allocator-block-size=2097152"
    "memorysetup-job-temp-allocator-block-size-background=1048576"
    "memorysetup-job-temp-allocator-reduction-small-platforms=262144"
    "memorysetup-allocator-temp-initial-block-size-main=262144"
    "memorysetup-allocator-temp-initial-block-size-worker=262144"
    "memorysetup-temp-allocator-size-background-worker=32768"
    "memorysetup-temp-allocator-size-job-worker=262144"
    "memorysetup-temp-allocator-size-preload-manager=33554432"
    "memorysetup-temp-allocator-size-nav-mesh-worker=65536"
    "memorysetup-temp-allocator-size-audio-worker=65536"
    "memorysetup-temp-allocator-size-cloud-worker=32768"
    "memorysetup-temp-allocator-size-gi-baking-worker=262144"
    "memorysetup-temp-allocator-size-gi-baking-worker=262144"
    "memorysetup-temp-allocator-size-gi-baking-worker=262144"
    "memorysetup-temp-allocator-size-gi-baking-worker=262144"
    "memorysetup-temp-allocator-size-gfx=262144"
Player connection [8150277824] Host "[IP] 192.168.0.16 [Port] 0 [Flags] 2 [Guid] 1441638562 [EditorId] 1441638562 [Version] 1048832 [Id] OSXEditor(0,Emels-MacBook-Pro.local) [Debug] 1 [PackageName] OSXEditor [ProjectName] Editor" joined multi-casting on [225.0.0.222:54997]...
Player connection [8150277824] Host "[IP] 192.168.0.16 [Port] 0 [Flags] 2 [Guid] 1441638562 [EditorId] 1441638562 [Version] 1048832 [Id] OSXEditor(0,Emels-MacBook-Pro.local) [Debug] 1 [PackageName] OSXEditor [ProjectName] Editor" joined alternative multi-casting on [225.0.0.222:34997]...
JobSystem: Creating JobQueue using job-worker-count value 4
[Physics::Module] Initialized MultithreadedJobDispatcher with 4 workers.
Library Redirect Path: Library/
Refreshing native plugins compatible for Editor in 2.27 ms, found 1 plugins.
Preloading 0 native plugins for Editor in 0.00 ms.
Initialize engine version: 2023.2.4f1 (3a7eb0602d92)
[Subsystems] Discovering subsystems at path /Applications/Unity/Hub/Editor/2023.2.4f1-arm64/Unity.app/Contents/Resources/UnitySubsystems
[Subsystems] Discovering subsystems at path /Users/emeltopaloglu/Downloads/codester-28568-coloring-book-portrait-unity-paint-kids-game/ColoringBook-Portrait-UnityProject/Assets
GfxDevice: creating device client; kGfxThreadingModeNonThreaded
 preferred device: Apple M1 Max (high power)
Metal devices available: 1
0: Apple M1 Max (high power)
Using device Apple M1 Max (high power)
Initializing Metal device caps: Apple M1 Max
Initialize mono
Mono path[0] = '/Applications/Unity/Hub/Editor/2023.2.4f1-arm64/Unity.app/Contents/Managed'
Mono path[1] = '/Applications/Unity/Hub/Editor/2023.2.4f1-arm64/Unity.app/Contents/MonoBleedingEdge/lib/mono/unityjit-macos'
Mono config path = '/Applications/Unity/Hub/Editor/2023.2.4f1-arm64/Unity.app/Contents/MonoBleedingEdge/etc'
Using monoOptions --debugger-agent=transport=dt_socket,embedding=1,server=y,suspend=n,address=127.0.0.1:56117
Begin MonoManager ReloadAssembly
icall.c:1842:
icall.c:1842:
icall.c:1842:
icall.c:1842:
icall.c:1842:
icall.c:1842:
icall.c:1842:
icall.c:1842:
icall.c:1842:
icall.c:1842:
Registering precompiled unity dll's ...
Register platform support module: /Applications/Unity/Hub/Editor/2023.2.4f1-arm64/Unity.app/Contents/PlaybackEngines/MacStandaloneSupport/UnityEditor.OSXStandalone.Extensions.dll
Trying to register platform support module: /Applications/Unity/Hub/Editor/2023.2.4f1-arm64/PlaybackEngines/AndroidPlayer/UnityEditor.Android.Extensions.dll (that doesn't exist). Retrying without overrides.
Platform support module is not available: /Applications/Unity/Hub/Editor/2023.2.4f1-arm64/PlaybackEngines/AndroidPlayer/UnityEditor.Android.Extensions.dll
Register platform support module: /Applications/Unity/Hub/Editor/2023.2.4f1-arm64/PlaybackEngines/iOSSupport/UnityEditor.iOS.Extensions.dll
Registered in 0.001155 seconds.
- Loaded All Assemblies, in  0.227 seconds
[usbmuxd] Start listen thread
[usbmuxd] Listen thread started
[usbmuxd] Send listen message
Native extension for iOS target not found
Native extension for OSXStandalone target not found
Mono: successfully reloaded assembly
icall.c:1842:
icall.c:1842:
- Finished resetting the current domain, in  0.678 seconds
Domain Reload Profiling: 906ms
	BeginReloadAssembly (48ms)
		ExecutionOrderSort (0ms)
		DisableScriptedObjects (0ms)
		BackupInstance (0ms)
		ReleaseScriptingObjects (0ms)
		CreateAndSetChildDomain (0ms)
	RebuildCommonClasses (26ms)
	RebuildNativeTypeToScriptingClass (10ms)
	initialDomainReloadingComplete (29ms)
	LoadAllAssembliesAndSetupDomain (115ms)
		LoadAssemblies (48ms)
		RebuildTransferFunctionScriptingTraits (0ms)
		AnalyzeDomain (113ms)
			TypeCache.Refresh (112ms)
				TypeCache.ScanAssembly (103ms)
			BuildScriptInfoCaches (0ms)
			ResolveRequiredComponents (0ms)
	FinalizeReload (678ms)
		ReleaseScriptCaches (0ms)
		RebuildScriptCaches (0ms)
		SetupLoadedEditorAssemblies (647ms)
			LogAssemblyErrors (0ms)
			InitializePlatformSupportModulesInManaged (478ms)
			SetLoadedEditorAssemblies (4ms)
			BeforeProcessingInitializeOnLoad (5ms)
			ProcessInitializeOnLoadAttributes (125ms)
			ProcessInitializeOnLoadMethodAttributes (35ms)
			AfterProcessingInitializeOnLoad (0ms)
			EditorAssembliesLoaded (0ms)
		ExecutionOrderSort2 (0ms)
		AwakeInstancesAfterBackupRestoration (0ms)
========================================================================
Worker process is ready to serve import requests
Import Worker Mode flag is 0x00
Begin MonoManager ReloadAssembly
icall.c:1842:
icall.c:1842:
icall.c:1842:
icall.c:1842:
icall.c:1842:
icall.c:1842:
icall.c:1842:
icall.c:1842:
icall.c:1842:
icall.c:1842:
icall.c:1842:
icall.c:1842:
- Loaded All Assemblies, in  0.303 seconds
Refreshing native plugins compatible for Editor in 1.81 ms, found 1 plugins.
Native extension for iOS target not found
Native extension for OSXStandalone target not found
Mono: successfully reloaded assembly
- Finished resetting the current domain, in  0.267 seconds
Domain Reload Profiling: 570ms
	BeginReloadAssembly (153ms)
		ExecutionOrderSort (0ms)
		DisableScriptedObjects (3ms)
		BackupInstance (0ms)
		ReleaseScriptingObjects (0ms)
		CreateAndSetChildDomain (24ms)
	RebuildCommonClasses (25ms)
	RebuildNativeTypeToScriptingClass (9ms)
	initialDomainReloadingComplete (19ms)
	LoadAllAssembliesAndSetupDomain (97ms)
		LoadAssemblies (105ms)
		RebuildTransferFunctionScriptingTraits (0ms)
		AnalyzeDomain (25ms)
			TypeCache.Refresh (19ms)
				TypeCache.ScanAssembly (13ms)
			BuildScriptInfoCaches (3ms)
			ResolveRequiredComponents (1ms)
	FinalizeReload (267ms)
		ReleaseScriptCaches (0ms)
		RebuildScriptCaches (0ms)
		SetupLoadedEditorAssemblies (162ms)
			LogAssemblyErrors (0ms)
			InitializePlatformSupportModulesInManaged (9ms)
			SetLoadedEditorAssemblies (2ms)
			BeforeProcessingInitializeOnLoad (10ms)
			ProcessInitializeOnLoadAttributes (116ms)
			ProcessInitializeOnLoadMethodAttributes (24ms)
			AfterProcessingInitializeOnLoad (1ms)
			EditorAssembliesLoaded (0ms)
		ExecutionOrderSort2 (0ms)
		AwakeInstancesAfterBackupRestoration (3ms)
Launching external process: /Applications/Unity/Hub/Editor/2023.2.4f1-arm64/Unity.app/Contents/Tools/UnityShaderCompiler
Launched and connected shader compiler UnityShaderCompiler after 0.05 seconds
Refreshing native plugins compatible for Editor in 1.89 ms, found 1 plugins.
Preloading 0 native plugins for Editor in 0.00 ms.
Unloading 10 Unused Serialized files (Serialized files now loaded: 0)
Unloading 980 unused Assets / (221.2 KB). Loaded Objects now: 1463.
Memory consumption went from 103.9 MB to 103.7 MB.
Total: 2.940000 ms (FindLiveObjects: 0.094250 ms CreateObjectMapping: 0.024333 ms MarkObjects: 2.623000 ms  DeleteObjects: 0.197792 ms)

========================================================================
Received Prepare
Begin MonoManager ReloadAssembly
Thread 0x16cf3f000 may have been prematurely finalized
icall.c:1842:
icall.c:1842:
icall.c:1842:
icall.c:1842:
icall.c:1842:
icall.c:1842:
icall.c:1842:
icall.c:1842:
icall.c:1842:
icall.c:1842:
icall.c:1842:
icall.c:1842:
- Loaded All Assemblies, in  0.215 seconds
Refreshing native plugins compatible for Editor in 2.22 ms, found 1 plugins.
Native extension for iOS target not found
Native extension for OSXStandalone target not found
Mono: successfully reloaded assembly
- Finished resetting the current domain, in  0.276 seconds
Domain Reload Profiling: 491ms
	BeginReloadAssembly (85ms)
		ExecutionOrderSort (0ms)
		DisableScriptedObjects (3ms)
		BackupInstance (0ms)
		ReleaseScriptingObjects (0ms)
		CreateAndSetChildDomain (26ms)
	RebuildCommonClasses (26ms)
	RebuildNativeTypeToScriptingClass (10ms)
	initialDomainReloadingComplete (12ms)
	LoadAllAssembliesAndSetupDomain (83ms)
		LoadAssemblies (98ms)
		RebuildTransferFunctionScriptingTraits (0ms)
		AnalyzeDomain (18ms)
			TypeCache.Refresh (3ms)
				TypeCache.ScanAssembly (0ms)
			BuildScriptInfoCaches (12ms)
			ResolveRequiredComponents (1ms)
	FinalizeReload (276ms)
		ReleaseScriptCaches (0ms)
		RebuildScriptCaches (0ms)
		SetupLoadedEditorAssemblies (161ms)
			LogAssemblyErrors (0ms)
			InitializePlatformSupportModulesInManaged (9ms)
			SetLoadedEditorAssemblies (3ms)
			BeforeProcessingInitializeOnLoad (11ms)
			ProcessInitializeOnLoadAttributes (115ms)
			ProcessInitializeOnLoadMethodAttributes (23ms)
			AfterProcessingInitializeOnLoad (1ms)
			EditorAssembliesLoaded (0ms)
		ExecutionOrderSort2 (0ms)
		AwakeInstancesAfterBackupRestoration (4ms)
Refreshing native plugins compatible for Editor in 2.48 ms, found 1 plugins.
Preloading 0 native plugins for Editor in 0.00 ms.
Unloading 0 Unused Serialized files (Serialized files now loaded: 0)
Unloading 978 unused Assets / (102.9 KB). Loaded Objects now: 1463.
Memory consumption went from 110.1 MB to 110.0 MB.
Total: 2.690292 ms (FindLiveObjects: 0.058500 ms CreateObjectMapping: 0.021833 ms MarkObjects: 2.480375 ms  DeleteObjects: 0.128875 ms)

Prepare: number of updated asset objects reloaded= 0
========================================================================
Received Import Request.
  Time since last request: 713.403996 seconds.
  path: Assets/_Game/_Scripts/_Main/ScrollListManager.cs
  artifactKey: Guid(369c521577ea43a98853e0b9b8d3d5b4) Importer(815301076,1909f56bfc062723c751e8b465ee728b)
Start importing Assets/_Game/_Scripts/_Main/ScrollListManager.cs using Guid(369c521577ea43a98853e0b9b8d3d5b4) Importer(815301076,1909f56bfc062723c751e8b465ee728b) (PreviewImporter) -> (artifact id: 'accbf4f462c1b5d4cdcfea4dfe66ac9b') in 0.003074917 seconds
Number of updated asset objects reloaded before import = 0Number of asset objects unloaded after import = 0

========================================================================
Received Prepare
Begin MonoManager ReloadAssembly
Thread 0x16cf3f000 may have been prematurely finalized
icall.c:1842:
icall.c:1842:
icall.c:1842:
icall.c:1842:
icall.c:1842:
icall.c:1842:
icall.c:1842:
icall.c:1842:
icall.c:1842:
icall.c:1842:
icall.c:1842:
icall.c:1842:
- Loaded All Assemblies, in  0.203 seconds
Refreshing native plugins compatible for Editor in 1.50 ms, found 1 plugins.
Native extension for iOS target not found
Native extension for OSXStandalone target not found
Mono: successfully reloaded assembly
- Finished resetting the current domain, in  0.259 seconds
Domain Reload Profiling: 462ms
	BeginReloadAssembly (83ms)
		ExecutionOrderSort (0ms)
		DisableScriptedObjects (3ms)
		BackupInstance (0ms)
		ReleaseScriptingObjects (0ms)
		CreateAndSetChildDomain (25ms)
	RebuildCommonClasses (24ms)
	RebuildNativeTypeToScriptingClass (9ms)
	initialDomainReloadingComplete (11ms)
	LoadAllAssembliesAndSetupDomain (76ms)
		LoadAssemblies (91ms)
		RebuildTransferFunctionScriptingTraits (0ms)
		AnalyzeDomain (17ms)
			TypeCache.Refresh (3ms)
				TypeCache.ScanAssembly (0ms)
			BuildScriptInfoCaches (11ms)
			ResolveRequiredComponents (1ms)
	FinalizeReload (259ms)
		ReleaseScriptCaches (0ms)
		RebuildScriptCaches (0ms)
		SetupLoadedEditorAssemblies (156ms)
			LogAssemblyErrors (0ms)
			InitializePlatformSupportModulesInManaged (9ms)
			SetLoadedEditorAssemblies (2ms)
			BeforeProcessingInitializeOnLoad (10ms)
			ProcessInitializeOnLoadAttributes (115ms)
			ProcessInitializeOnLoadMethodAttributes (20ms)
			AfterProcessingInitializeOnLoad (1ms)
			EditorAssembliesLoaded (0ms)
		ExecutionOrderSort2 (0ms)
		AwakeInstancesAfterBackupRestoration (3ms)
Refreshing native plugins compatible for Editor in 1.52 ms, found 1 plugins.
Preloading 0 native plugins for Editor in 0.00 ms.
Unloading 0 Unused Serialized files (Serialized files now loaded: 0)
Unloading 978 unused Assets / (165.7 KB). Loaded Objects now: 1465.
Memory consumption went from 119.3 MB to 119.2 MB.
Total: 2.689750 ms (FindLiveObjects: 0.058500 ms CreateObjectMapping: 0.023041 ms MarkObjects: 2.492875 ms  DeleteObjects: 0.115041 ms)

Prepare: number of updated asset objects reloaded= 0
========================================================================
Received Prepare
Refreshing native plugins compatible for Editor in 3.06 ms, found 1 plugins.
Preloading 0 native plugins for Editor in 0.00 ms.
Unloading 0 Unused Serialized files (Serialized files now loaded: 0)
Unloading 0 unused Assets / (0 B). Loaded Objects now: 1465.
Memory consumption went from 118.4 MB to 118.4 MB.
Total: 2.457667 ms (FindLiveObjects: 0.041709 ms CreateObjectMapping: 0.011291 ms MarkObjects: 2.401917 ms  DeleteObjects: 0.002208 ms)

Prepare: number of updated asset objects reloaded= 0
========================================================================
Received Prepare
Refreshing native plugins compatible for Editor in 1.99 ms, found 1 plugins.
Preloading 0 native plugins for Editor in 0.00 ms.
Unloading 0 Unused Serialized files (Serialized files now loaded: 0)
Unloading 0 unused Assets / (0 B). Loaded Objects now: 1465.
Memory consumption went from 118.2 MB to 118.2 MB.
Total: 2.225417 ms (FindLiveObjects: 0.030875 ms CreateObjectMapping: 0.010958 ms MarkObjects: 2.180917 ms  DeleteObjects: 0.002166 ms)

Prepare: number of updated asset objects reloaded= 0
========================================================================
Received Import Request.
  Time since last request: 280.843770 seconds.
  path: Assets/_Game/_Sprites/_Buttons/ButtonRedo-1.png
  artifactKey: Guid(f890661fe8514f9ab810076e4e5bfd3c) Importer(815301076,1909f56bfc062723c751e8b465ee728b)
Start importing Assets/_Game/_Sprites/_Buttons/ButtonRedo-1.png using Guid(f890661fe8514f9ab810076e4e5bfd3c) Importer(815301076,1909f56bfc062723c751e8b465ee728b) (PreviewImporter) -> (artifact id: 'a4beb7bbb1160ae0be61f6418448f833') in 0.07092625 seconds
Number of updated asset objects reloaded before import = 0Number of asset objects unloaded after import = 3

========================================================================
Received Import Request.
  Time since last request: 1.020610 seconds.
  path: Assets/_Game/_Sprites/_Buttons/ModeSticker-1.png
  artifactKey: Guid(d5108df935474bb3a7bfa59d7cda8fb1) Importer(815301076,1909f56bfc062723c751e8b465ee728b)
Start importing Assets/_Game/_Sprites/_Buttons/ModeSticker-1.png using Guid(d5108df935474bb3a7bfa59d7cda8fb1) Importer(815301076,1909f56bfc062723c751e8b465ee728b) (PreviewImporter) -> (artifact id: '85a60629a01717a6a1d3c9af43380acb') in 0.005722167 seconds
Number of updated asset objects reloaded before import = 0Number of asset objects unloaded after import = 3

========================================================================
Received Import Request.
  Time since last request: 0.057483 seconds.
  path: Assets/_Game/_Sprites/_UI/PaintBucket-Layer2.png
  artifactKey: Guid(5bba6716c01f4cd3a94bc04d6bb3c142) Importer(815301076,1909f56bfc062723c751e8b465ee728b)
Start importing Assets/_Game/_Sprites/_UI/PaintBucket-Layer2.png using Guid(5bba6716c01f4cd3a94bc04d6bb3c142) Importer(815301076,1909f56bfc062723c751e8b465ee728b) (PreviewImporter) -> (artifact id: '3c6913a31a221fcd6cf7ab0204befa23') in 0.004885583 seconds
Number of updated asset objects reloaded before import = 0Number of asset objects unloaded after import = 3

========================================================================
Received Import Request.
  Time since last request: 0.000213 seconds.
  path: Assets/_Game/_Sprites/_UI/Pencil-Layer1.png
  artifactKey: Guid(c0f2555e4ffe4871af54da3b38eb6a8a) Importer(815301076,1909f56bfc062723c751e8b465ee728b)
Start importing Assets/_Game/_Sprites/_UI/Pencil-Layer1.png using Guid(c0f2555e4ffe4871af54da3b38eb6a8a) Importer(815301076,1909f56bfc062723c751e8b465ee728b) (PreviewImporter) -> (artifact id: '34eb79e71d9d554ae7a0358473173605') in 0.004172917 seconds
Number of updated asset objects reloaded before import = 0Number of asset objects unloaded after import = 3

========================================================================
Received Import Request.
  Time since last request: 0.404388 seconds.
  path: Assets/_Game/_Sprites/_Buttons/ButtonHome.png
  artifactKey: Guid(88b7d3cbff374446934ba6873fff292f) Importer(815301076,1909f56bfc062723c751e8b465ee728b)
Start importing Assets/_Game/_Sprites/_Buttons/ButtonHome.png using Guid(88b7d3cbff374446934ba6873fff292f) Importer(815301076,1909f56bfc062723c751e8b465ee728b) (PreviewImporter) -> (artifact id: 'c77b122c27f03a97509473c48e6159d1') in 0.005714834 seconds
Number of updated asset objects reloaded before import = 0Number of asset objects unloaded after import = 3

========================================================================
Received Import Request.
  Time since last request: 0.046823 seconds.
  path: Assets/_Game/_Sprites/_Buttons/ButtonBrushSize-2.png
  artifactKey: Guid(ddb96dfbd159475dafed76ec1585a361) Importer(815301076,1909f56bfc062723c751e8b465ee728b)
Start importing Assets/_Game/_Sprites/_Buttons/ButtonBrushSize-2.png using Guid(ddb96dfbd159475dafed76ec1585a361) Importer(815301076,1909f56bfc062723c751e8b465ee728b) (PreviewImporter) -> (artifact id: '283ab3bf7b05cc3dc27fc611f23a0edb') in 0.005276791 seconds
Number of updated asset objects reloaded before import = 0Number of asset objects unloaded after import = 3

========================================================================
Received Import Request.
  Time since last request: 0.000046 seconds.
  path: Assets/_Game/_Sprites/_Buttons/ButtonChangeTheme.png
  artifactKey: Guid(0eddb6772a33422f88167c8e149f87dc) Importer(815301076,1909f56bfc062723c751e8b465ee728b)
Start importing Assets/_Game/_Sprites/_Buttons/ButtonChangeTheme.png using Guid(0eddb6772a33422f88167c8e149f87dc) Importer(815301076,1909f56bfc062723c751e8b465ee728b) (PreviewImporter) -> (artifact id: 'a7b1bf7853cf5ac917673f90dfac0a1c') in 0.005247083 seconds
Number of updated asset objects reloaded before import = 0Number of asset objects unloaded after import = 3

========================================================================
Received Import Request.
  Time since last request: 0.000078 seconds.
  path: Assets/_Game/_Sprites/_Main/BTN-C-2.png
  artifactKey: Guid(8a652d1a0bd74daa8f53480f8022aeab) Importer(815301076,1909f56bfc062723c751e8b465ee728b)
Start importing Assets/_Game/_Sprites/_Main/BTN-C-2.png using Guid(8a652d1a0bd74daa8f53480f8022aeab) Importer(815301076,1909f56bfc062723c751e8b465ee728b) (PreviewImporter) -> (artifact id: 'eee2e6b94bb0ddfa8e871e902d26a32e') in 0.004782708 seconds
Number of updated asset objects reloaded before import = 0Number of asset objects unloaded after import = 3

========================================================================
Received Import Request.
  Time since last request: 0.000092 seconds.
  path: Assets/_Game/_Sprites/_Textures/015.png
  artifactKey: Guid(dbfebdf6b88247bf9832f56de8dfc7e8) Importer(815301076,1909f56bfc062723c751e8b465ee728b)
Start importing Assets/_Game/_Sprites/_Textures/015.png using Guid(dbfebdf6b88247bf9832f56de8dfc7e8) Importer(815301076,1909f56bfc062723c751e8b465ee728b) (PreviewImporter) -> (artifact id: 'aa8b94266f79407f650bdd54b3b00cc2') in 0.007518292 seconds
Number of updated asset objects reloaded before import = 0Number of asset objects unloaded after import = 3

========================================================================
Received Import Request.
  Time since last request: 0.000036 seconds.
  path: Assets/_Game/_Sprites/_Buttons/ButtonBrushSize-3.png
  artifactKey: Guid(bf476daf609b4a35b2072e2d2828e126) Importer(815301076,1909f56bfc062723c751e8b465ee728b)
Start importing Assets/_Game/_Sprites/_Buttons/ButtonBrushSize-3.png using Guid(bf476daf609b4a35b2072e2d2828e126) Importer(815301076,1909f56bfc062723c751e8b465ee728b) (PreviewImporter) -> (artifact id: '54e6afe478896f1f48d43e4977f47eae') in 0.005600167 seconds
Number of updated asset objects reloaded before import = 0Number of asset objects unloaded after import = 3

========================================================================
Received Import Request.
  Time since last request: 0.000057 seconds.
  path: Assets/_Game/_Sprites/_Textures/014.png
  artifactKey: Guid(1d2fc9882b42434a893783e652282485) Importer(815301076,1909f56bfc062723c751e8b465ee728b)
Start importing Assets/_Game/_Sprites/_Textures/014.png using Guid(1d2fc9882b42434a893783e652282485) Importer(815301076,1909f56bfc062723c751e8b465ee728b) (PreviewImporter) -> (artifact id: '51d4e3a8f0222520ee0c763de8136999') in 0.006127083 seconds
Number of updated asset objects reloaded before import = 0Number of asset objects unloaded after import = 3

========================================================================
Received Import Request.
  Time since last request: 0.015418 seconds.
  path: Assets/_Game/_Sprites/_Textures/012.png
  artifactKey: Guid(0238057b879d4716b7d197887679cc82) Importer(815301076,1909f56bfc062723c751e8b465ee728b)
Start importing Assets/_Game/_Sprites/_Textures/012.png using Guid(0238057b879d4716b7d197887679cc82) Importer(815301076,1909f56bfc062723c751e8b465ee728b) (PreviewImporter) -> (artifact id: 'af69021ca1036faab00c2a2deab6a92f') in 0.005070875 seconds
Number of updated asset objects reloaded before import = 0Number of asset objects unloaded after import = 3

========================================================================
Received Import Request.
  Time since last request: 0.000060 seconds.
  path: Assets/_Game/_Sprites/_Textures/013.png
  artifactKey: Guid(2eb3d736e77c40fcb6c464db51fd5a18) Importer(815301076,1909f56bfc062723c751e8b465ee728b)
Start importing Assets/_Game/_Sprites/_Textures/013.png using Guid(2eb3d736e77c40fcb6c464db51fd5a18) Importer(815301076,1909f56bfc062723c751e8b465ee728b) (PreviewImporter) -> (artifact id: '970c38156438f03335714975ad7a0ffa') in 0.005074625 seconds
Number of updated asset objects reloaded before import = 0Number of asset objects unloaded after import = 3

========================================================================
Received Import Request.
  Time since last request: 0.010440 seconds.
  path: Assets/_Game/_Sprites/_Textures/006.png
  artifactKey: Guid(bf3a36b1fbb14d2688ee1d0b310fb1bf) Importer(815301076,1909f56bfc062723c751e8b465ee728b)
Start importing Assets/_Game/_Sprites/_Textures/006.png using Guid(bf3a36b1fbb14d2688ee1d0b310fb1bf) Importer(815301076,1909f56bfc062723c751e8b465ee728b) (PreviewImporter) -> (artifact id: 'd83066d79070bfbcb5c817c5d1daae83') in 0.005409084 seconds
Number of updated asset objects reloaded before import = 0Number of asset objects unloaded after import = 3

========================================================================
Received Import Request.
  Time since last request: 0.000060 seconds.
  path: Assets/_Game/_Sprites/_Textures/008.png
  artifactKey: Guid(ef6fd15ef11f437bbb430e5c7f652654) Importer(815301076,1909f56bfc062723c751e8b465ee728b)
Start importing Assets/_Game/_Sprites/_Textures/008.png using Guid(ef6fd15ef11f437bbb430e5c7f652654) Importer(815301076,1909f56bfc062723c751e8b465ee728b) (PreviewImporter) -> (artifact id: 'ce77d3cc819ec1cd0e4387a02507d8fd') in 0.004807542 seconds
Number of updated asset objects reloaded before import = 0Number of asset objects unloaded after import = 3

========================================================================
Received Import Request.
  Time since last request: 0.000103 seconds.
  path: Assets/_Game/_Sprites/_Textures/009.png
  artifactKey: Guid(ac856d9f2a734f81a4f6fdf86015a8a5) Importer(815301076,1909f56bfc062723c751e8b465ee728b)
Start importing Assets/_Game/_Sprites/_Textures/009.png using Guid(ac856d9f2a734f81a4f6fdf86015a8a5) Importer(815301076,1909f56bfc062723c751e8b465ee728b) (PreviewImporter) -> (artifact id: 'c60549084f9e9a948f101f5f2ad9d31e') in 0.004939458 seconds
Number of updated asset objects reloaded before import = 0Number of asset objects unloaded after import = 3

========================================================================
Received Import Request.
  Time since last request: 0.029632 seconds.
  path: Assets/_Game/_Sprites/_Textures/001.png
  artifactKey: Guid(5c414db9776f4a14942318bf15fa28e6) Importer(815301076,1909f56bfc062723c751e8b465ee728b)
Start importing Assets/_Game/_Sprites/_Textures/001.png using Guid(5c414db9776f4a14942318bf15fa28e6) Importer(815301076,1909f56bfc062723c751e8b465ee728b) (PreviewImporter) -> (artifact id: '8e98218db1271900c283e2d108618cb6') in 0.005653625 seconds
Number of updated asset objects reloaded before import = 0Number of asset objects unloaded after import = 3

========================================================================
Received Import Request.
  Time since last request: 0.000143 seconds.
  path: Assets/_Game/_Sprites/_Textures/002.png
  artifactKey: Guid(6596596fe7fa40649562a47d3e15e9b5) Importer(815301076,1909f56bfc062723c751e8b465ee728b)
Start importing Assets/_Game/_Sprites/_Textures/002.png using Guid(6596596fe7fa40649562a47d3e15e9b5) Importer(815301076,1909f56bfc062723c751e8b465ee728b) (PreviewImporter) -> (artifact id: '2824d27bb108fa5446db2ea93999dcd7') in 0.005064917 seconds
Number of updated asset objects reloaded before import = 0Number of asset objects unloaded after import = 3

========================================================================
Received Import Request.
  Time since last request: 0.000072 seconds.
  path: Assets/_Game/_Sprites/_Textures/003.png
  artifactKey: Guid(7c27816de26540cfb2e5d5f731d7f69c) Importer(815301076,1909f56bfc062723c751e8b465ee728b)
Start importing Assets/_Game/_Sprites/_Textures/003.png using Guid(7c27816de26540cfb2e5d5f731d7f69c) Importer(815301076,1909f56bfc062723c751e8b465ee728b) (PreviewImporter) -> (artifact id: 'b02d2fa28ed9a6f7e5d9c9ffe695086e') in 0.00463725 seconds
Number of updated asset objects reloaded before import = 0Number of asset objects unloaded after import = 3

========================================================================
Received Import Request.
  Time since last request: 2.754189 seconds.
  path: Assets/_Game/_Sprites/_UI/PR1.png
  artifactKey: Guid(c3a73b7b56b843a3aa3ac2049c5ed353) Importer(815301076,1909f56bfc062723c751e8b465ee728b)
Start importing Assets/_Game/_Sprites/_UI/PR1.png using Guid(c3a73b7b56b843a3aa3ac2049c5ed353) Importer(815301076,1909f56bfc062723c751e8b465ee728b) (PreviewImporter) -> (artifact id: '420d3d379d5617532f437edc8c7f8c64') in 0.005689916 seconds
Number of updated asset objects reloaded before import = 0Number of asset objects unloaded after import = 3

========================================================================
Received Import Request.
  Time since last request: 0.036641 seconds.
  path: Assets/_Game/_Sprites/_UI/R1-2.png
  artifactKey: Guid(b613233e8757487ea4fe5cf4e241bc79) Importer(815301076,1909f56bfc062723c751e8b465ee728b)
Start importing Assets/_Game/_Sprites/_UI/R1-2.png using Guid(b613233e8757487ea4fe5cf4e241bc79) Importer(815301076,1909f56bfc062723c751e8b465ee728b) (PreviewImporter) -> (artifact id: 'bc91897ba45f9f617b1024ef7fc19f3b') in 0.004544 seconds
Number of updated asset objects reloaded before import = 0Number of asset objects unloaded after import = 3

========================================================================
Received Import Request.
  Time since last request: 0.000088 seconds.
  path: Assets/_Game/_Sprites/_StickersIcons/Sticker1.png
  artifactKey: Guid(dffbd6101bcc4a3e83bab7741358b7f5) Importer(815301076,1909f56bfc062723c751e8b465ee728b)
Start importing Assets/_Game/_Sprites/_StickersIcons/Sticker1.png using Guid(dffbd6101bcc4a3e83bab7741358b7f5) Importer(815301076,1909f56bfc062723c751e8b465ee728b) (PreviewImporter) -> (artifact id: '179a987de66a43a10f521a4adde6289a') in 0.007001958 seconds
Number of updated asset objects reloaded before import = 0Number of asset objects unloaded after import = 3

========================================================================
Received Import Request.
  Time since last request: 0.000068 seconds.
  path: Assets/_Game/_Sprites/_StickersIcons/Sticker3.png
  artifactKey: Guid(43f0cd4ed1ea470bb8b0210adba8a862) Importer(815301076,1909f56bfc062723c751e8b465ee728b)
Start importing Assets/_Game/_Sprites/_StickersIcons/Sticker3.png using Guid(43f0cd4ed1ea470bb8b0210adba8a862) Importer(815301076,1909f56bfc062723c751e8b465ee728b) (PreviewImporter) -> (artifact id: '48eab8c8dd2fb6e4bf68a5bf406dd652') in 0.005148958 seconds
Number of updated asset objects reloaded before import = 0Number of asset objects unloaded after import = 3

========================================================================
Received Import Request.
  Time since last request: 0.000042 seconds.
  path: Assets/_Game/_Sprites/_StickersIcons/Sticker5.png
  artifactKey: Guid(a505e3fa67904bd691aca78594583b94) Importer(815301076,1909f56bfc062723c751e8b465ee728b)
Start importing Assets/_Game/_Sprites/_StickersIcons/Sticker5.png using Guid(a505e3fa67904bd691aca78594583b94) Importer(815301076,1909f56bfc062723c751e8b465ee728b) (PreviewImporter) -> (artifact id: '2a3d772d8deac2f09d2ef2d75b246898') in 0.005396042 seconds
Number of updated asset objects reloaded before import = 0Number of asset objects unloaded after import = 3

========================================================================
Received Import Request.
  Time since last request: 0.000187 seconds.
  path: Assets/_Game/_Sprites/_Main/stamps.png
  artifactKey: Guid(11fb5e7347948471ba38678875f2f702) Importer(815301076,1909f56bfc062723c751e8b465ee728b)
Start importing Assets/_Game/_Sprites/_Main/stamps.png using Guid(11fb5e7347948471ba38678875f2f702) Importer(815301076,1909f56bfc062723c751e8b465ee728b) (PreviewImporter) -> (artifact id: '61fb9c8308a254dc4542a76bf2150450') in 0.011546833 seconds
Number of updated asset objects reloaded before import = 0Number of asset objects unloaded after import = 3

========================================================================
Received Import Request.
  Time since last request: 0.000109 seconds.
  path: Assets/_Game/_Sprites/_Stickers/Sticker7.png
  artifactKey: Guid(af5753f2354d4e62b301fac2c6a88a31) Importer(815301076,1909f56bfc062723c751e8b465ee728b)
Start importing Assets/_Game/_Sprites/_Stickers/Sticker7.png using Guid(af5753f2354d4e62b301fac2c6a88a31) Importer(815301076,1909f56bfc062723c751e8b465ee728b) (PreviewImporter) -> (artifact id: '004cff382e752ae4e50d493271e0cc7a') in 0.005808375 seconds
Number of updated asset objects reloaded before import = 0Number of asset objects unloaded after import = 2

========================================================================
Received Import Request.
  Time since last request: 0.000236 seconds.
  path: Assets/_Game/_Sprites/_StickersIcons/Sticker7.png
  artifactKey: Guid(a7cd8afe0b0c410caa4c358626fb5880) Importer(815301076,1909f56bfc062723c751e8b465ee728b)
Start importing Assets/_Game/_Sprites/_StickersIcons/Sticker7.png using Guid(a7cd8afe0b0c410caa4c358626fb5880) Importer(815301076,1909f56bfc062723c751e8b465ee728b) (PreviewImporter) -> (artifact id: 'cbafb159a097d0a1e0d89c87152a20ec') in 0.009919833 seconds
Number of updated asset objects reloaded before import = 0Number of asset objects unloaded after import = 3

========================================================================
Received Import Request.
  Time since last request: 0.000040 seconds.
  path: Assets/_Game/_Sprites/_Stickers/Sticker9.png
  artifactKey: Guid(9d987ad6f7a84fabb955cc6658851b28) Importer(815301076,1909f56bfc062723c751e8b465ee728b)
Start importing Assets/_Game/_Sprites/_Stickers/Sticker9.png using Guid(9d987ad6f7a84fabb955cc6658851b28) Importer(815301076,1909f56bfc062723c751e8b465ee728b) (PreviewImporter) -> (artifact id: '36d1932b9e8064420c076cea32973f9a') in 0.009321459 seconds
Number of updated asset objects reloaded before import = 0Number of asset objects unloaded after import = 2

========================================================================
Received Import Request.
  Time since last request: 0.000165 seconds.
  path: Assets/_Game/_Sprites/_UI/R3.png
  artifactKey: Guid(f5b60050b0414eb4880b5da50d37d77d) Importer(815301076,1909f56bfc062723c751e8b465ee728b)
Start importing Assets/_Game/_Sprites/_UI/R3.png using Guid(f5b60050b0414eb4880b5da50d37d77d) Importer(815301076,1909f56bfc062723c751e8b465ee728b) (PreviewImporter) -> (artifact id: '0179690e3e8aa5f222781d1d6d7789dd') in 0.005107875 seconds
Number of updated asset objects reloaded before import = 0Number of asset objects unloaded after import = 3

========================================================================
Received Import Request.
  Time since last request: 0.000340 seconds.
  path: Assets/_Game/_Sprites/_Stickers/Sticker3.png
  artifactKey: Guid(a5b4bf8bd9f54a08979843a308b2671f) Importer(815301076,1909f56bfc062723c751e8b465ee728b)
Start importing Assets/_Game/_Sprites/_Stickers/Sticker3.png using Guid(a5b4bf8bd9f54a08979843a308b2671f) Importer(815301076,1909f56bfc062723c751e8b465ee728b) (PreviewImporter) -> (artifact id: 'c2bb964155bd3f0b8be57d178dfacb25') in 0.003275 seconds
Number of updated asset objects reloaded before import = 0Number of asset objects unloaded after import = 2

========================================================================
Received Import Request.
  Time since last request: 0.000782 seconds.
  path: Assets/_Game/_Sprites/_StickersIcons/Sticker9.png
  artifactKey: Guid(235cbdfba10140518437156cb8df8542) Importer(815301076,1909f56bfc062723c751e8b465ee728b)
Start importing Assets/_Game/_Sprites/_StickersIcons/Sticker9.png using Guid(235cbdfba10140518437156cb8df8542) Importer(815301076,1909f56bfc062723c751e8b465ee728b) (PreviewImporter) -> (artifact id: '5528aa02de3a72076dadd1b8a7e9ac4d') in 0.005690084 seconds
Number of updated asset objects reloaded before import = 0Number of asset objects unloaded after import = 3

========================================================================
Received Import Request.
  Time since last request: 0.000120 seconds.
  path: Assets/_Game/_Sprites/_Stickers/Sticker4.png
  artifactKey: Guid(d8dc917c8bde436da963f04b765e8828) Importer(815301076,1909f56bfc062723c751e8b465ee728b)
Start importing Assets/_Game/_Sprites/_Stickers/Sticker4.png using Guid(d8dc917c8bde436da963f04b765e8828) Importer(815301076,1909f56bfc062723c751e8b465ee728b) (PreviewImporter) -> (artifact id: '3529645a3af7ae0a6d2dfc51be05450f') in 0.00355975 seconds
Number of updated asset objects reloaded before import = 0Number of asset objects unloaded after import = 2

Editor requested this worker to shutdown with reason: Scaling down because of idle timeout
AssetImportWorker is now disconnected from the server
Process exiting
